<?xml version="1.0" encoding="UTF-8"?>
<testsuite name="basic.demo" tests="1" skipped="0" failures="0" errors="0" timestamp="2017-12-07T16:11:25" hostname="Anand-BS" time="10.288">
  <properties/>
  <testcase name="test1" classname="basic.demo" time="10.288"/>
  <system-out><![CDATA[Anand
]]></system-out>
  <system-err><![CDATA[Dec 07, 2017 9:41:25 PM org.openqa.selenium.remote.DesiredCapabilities firefox
INFO: Using `new FirefoxOptions()` is preferred to `DesiredCapabilities.firefox()`
1512663086145	geckodriver	INFO	geckodriver 0.19.1 (0000000000000000000000000000000000000000 2017-10-31)
1512663086151	geckodriver	INFO	Listening on 127.0.0.1:6377
1512663086883	mozrunner::runner	INFO	Running command: "C:\\Program Files\\Mozilla Firefox\\firefox.exe" "-marionette" "-profile" "C:\\Users\\ANANDB~1\\AppData\\Local\\Temp\\rust_mozprofile.7aoRaHGAfeLu"
1512663087955	Marionette	INFO	Enabled via --marionette
Unable to read VR Path Registry from C:\Users\Anand B S\AppData\Local\openvr\openvrpaths.vrpath
[Child 1416, Chrome_ChildThread] WARNING: pipe error: 109: file z:/build/build/src/ipc/chromium/src/chrome/common/ipc_channel_win.cc, line 346
1512663091612	Marionette	INFO	Listening on port 55273
1512663092115	Marionette	WARN	TLS certificate errors will be ignored for this session
1512663092210	Marionette	DEBUG	Register listener.js for window 4294967297
Dec 07, 2017 9:41:32 PM org.openqa.selenium.remote.ProtocolHandshake createSession
INFO: Detected dialect: W3C
1512663092269	Marionette	DEBUG	Received DOM event "beforeunload" for "about:blank"
1512663093535	Marionette	DEBUG	Received DOM event "pagehide" for "about:blank"
1512663093536	Marionette	DEBUG	Received DOM event "unload" for "about:blank"
1512663094170	Marionette	DEBUG	Received DOM event "DOMContentLoaded" for "https://www.google.co.in/?gfe_rd=cr&dcr=0&ei=OGgpWvXMAYSBogPi2r3wDA"
1512663095842	Marionette	DEBUG	Received DOM event "pageshow" for "https://www.google.co.in/?gfe_rd=cr&dcr=0&ei=OGgpWvXMAYSBogPi2r3wDA"
]]></system-err>
</testsuite>
