<?xml version="1.0" encoding="UTF-8"?>
<!-- Generated by org.testng.reporters.JUnitReportReporter -->
<testsuite skipped="0" hostname="DESKTOP-33V8JA3" name="basic.demo" tests="1" failures="0" timestamp="03 Dec 2017 11:21:56 GMT" time="10.686" errors="0">
  <testcase name="test1" time="10.686" classname="basic.demo"/>
</testsuite> <!-- basic.demo -->
